================================================================================
PHASE 2 PAYROLL RUN LOG
================================================================================
Run ID   : 179e3851
Username : neel.madi@lumberfi.com
Period   : 2026-04-07 to 2026-04-14
Started  : 2026-04-17 12:49:50

[12:49:50] [INFO] Download directory: C:\Users\Dell\Desktop\payroll_phase2\data-driven-files\timesheets\downloads\2026-04-17_12-49-44

================================================================================
STEP 8 — Authentication & Navigation
================================================================================
[12:50:31] [OK]   Authentication completed
[12:50:51] [OK]   Navigated to Payroll Overview: https://qa-admin.lumberfi.com/payroll/overview

================================================================================
STEP 8c — Pay Period Selection & Employee Verification
================================================================================
[12:50:51] [INFO] Attempt 1/10: selecting pay period
[12:50:55] [OK]   Pay period selected: 2026-04-07 to 2026-04-13
[12:50:59] [WARN] Employee not found on overview: Brown, Amit
[12:50:59] [OK]   Employee found: Davis, Amit
[12:50:59] [OK]   Employee found: Thomas, Amit
[12:50:59] [OK]   Employee found: Smith, Anjali
[12:50:59] [OK]   Employee found: Williams, Anjali
[12:50:59] [OK]   Employee found: Wilson, Anjali
[12:50:59] [OK]   Employee found: Gupta, Charles
[12:50:59] [OK]   Employee found: Hernandez, Charles
[12:50:59] [OK]   Employee found: Gonzalez, David
[12:50:59] [OK]   Employee found: Mehta, David
[12:50:59] [OK]   Employee found: Moore, James
[12:50:59] [OK]   Employee found: Sharma, James
[12:50:59] [OK]   Employee found: Williams, James
[12:50:59] [OK]   Employee found: Sharma, Jessica
[12:50:59] [OK]   Employee found: Singh, Jessica
[12:50:59] [OK]   Employee found: Gonzalez, John
[12:50:59] [OK]   Employee found: Miller, Joseph
[12:50:59] [OK]   Employee found: Davis, Karen
[12:50:59] [OK]   Employee found: Taylor, Karen
[12:50:59] [OK]   Employee found: Kumar, Lara
[12:50:59] [OK]   Employee found: Hernandez, Linda
[12:50:59] [OK]   Employee found: Kumar, Linda
[12:50:59] [OK]   Employee found: Hernandez, Mary
[12:50:59] [OK]   Employee found: Brown, Michael
[12:50:59] [OK]   Employee found: Madi, Neel
[12:50:59] [OK]   Employee found: Gupta, Patricia
[12:50:59] [OK]   Employee found: Patel, Patricia
[12:51:04] [WARN] Employee not found on overview: Wilson, Patricia
[12:51:04] [OK]   Employee found: Brown, Priya
[12:51:04] [OK]   Employee found: Davis, Priya
[12:51:04] [OK]   Employee found: Pasha, Raun
[12:51:04] [OK]   Employee found: Jackson, Richard
[12:51:05] [OK]   Employee found: Wilson, Richard
[12:51:05] [OK]   Employee found: Jones, Robert
[12:51:05] [OK]   Employee found: Lopez, Sarah
[12:51:05] [OK]   Employee found: Smith, Sarah
[12:51:05] [OK]   Employee found: nikar, sima
[12:51:05] [OK]   Employee found: Davis, Sneha
[12:51:05] [OK]   Employee found: Mehta, Sneha
[12:51:05] [OK]   Employee found: Patel, Susan
[12:51:05] [OK]   Employee found: Hernandez, Thomas
[12:51:05] [OK]   Employee found: Mehta, Thomas
[12:51:05] [OK]   Employee found: Rodriguez, Thomas
[12:51:05] [OK]   Employee found: Anderson, Vikram
[12:51:05] [OK]   Employee found: Jones, Vikram
[12:51:05] [OK]   Employee found: Patel, William
[12:51:05] [OK]   Employee found: Rodriguez, William
[12:51:05] [INFO] Employee check complete: 45/47 found | Missing: Brown, Amit, Wilson, Patricia
[12:51:05] [WARN] Proceeding with 2 unverified employee(s): ['Brown, Amit', 'Wilson, Patricia']

================================================================================
STEP 9 — Payroll Preview & Submit
================================================================================
[12:51:15] [OK]   Clicked Preview button
[12:51:45] [OK]   Navigated to Payroll Preview page
[12:51:48] [OK]   Submitted payroll preview
[12:51:49] [OK]   Confirmed Submit Payroll in modal
[12:51:54] [OK]   Closed submission modal

================================================================================
STEP 10 — Report Downloads
================================================================================
[12:58:13] [OK]   Payroll Paycheck downloaded: payroll_paycheck_2026-04-07_to_2026-04-13.pdf
[12:58:16] [OK]   Cash Requirement downloaded: cash_requirement_2026-04-07_to_2026-04-13.pdf
[12:59:11] [OK]   Paystub downloaded: paystub_2026-04-07_to_2026-04-13.pdf
[12:59:11] [OK]   All reports downloaded successfully

================================================================================
SUMMARY
================================================================================
[12:59:11] [INFO] Status      : COMPLETE
[12:59:11] [INFO] run_id      : 179e3851
[12:59:11] [INFO] username    : neel.madi@lumberfi.com
[12:59:11] [INFO] period      : 2026-04-07 to 2026-04-13
[12:59:11] [INFO] downloads   : C:\Users\Dell\Desktop\payroll_phase2\data-driven-files\timesheets\downloads\2026-04-17_12-49-44
[12:59:11] [INFO] employees   : 45/47 verified on overview
[12:59:11] [WARN] Missing employees on overview: Brown, Amit, Wilson, Patricia

================================================================================
Log saved: 2026-04-17 12:59:11
================================================================================