================================================================================
PHASE 2 PAYROLL RUN LOG
================================================================================
Run ID   : 1f2494dc
Username : neel.madi@lumberfi.com
Period   : 2026-04-21 to 2026-04-28
Started  : 2026-04-20 21:30:09

[21:30:09] [INFO] Download directory: /home/ubuntu/payroll_phase2/data-driven-files/timesheets/downloads/2026-04-21_03-00-06

================================================================================
STEP 8 — Authentication & Navigation
================================================================================
[21:30:30] [OK]   Authentication completed
[21:30:36] [OK]   Navigated to Payroll Overview: https://qa-admin.lumberfi.com/payroll/overview

================================================================================
STEP 8c — Pay Period Selection & Employee Verification
================================================================================
[21:30:36] [INFO] Attempt 1/10: selecting pay period
[21:30:56] [WARN] Pay period not available yet: No Regular period found in dropdown containing date: 2026-04-21
[21:30:56] [INFO] Waiting 4 min then refreshing...
[21:34:58] [INFO] Attempt 2/10: selecting pay period
[21:35:16] [WARN] Pay period not available yet: No Regular period found in dropdown containing date: 2026-04-21
[21:35:16] [INFO] Waiting 4 min then refreshing...
[21:39:18] [INFO] Attempt 3/10: selecting pay period
[21:39:35] [WARN] Pay period not available yet: No Regular period found in dropdown containing date: 2026-04-21
[21:39:35] [INFO] Waiting 4 min then refreshing...
[21:43:38] [INFO] Attempt 4/10: selecting pay period
[21:43:56] [WARN] Pay period not available yet: No Regular period found in dropdown containing date: 2026-04-21
[21:43:56] [INFO] Waiting 4 min then refreshing...
[21:47:58] [INFO] Attempt 5/10: selecting pay period
[21:48:17] [WARN] Pay period not available yet: No Regular period found in dropdown containing date: 2026-04-21
[21:48:17] [INFO] Waiting 4 min then refreshing...
[21:52:19] [INFO] Attempt 6/10: selecting pay period
[21:52:38] [WARN] Pay period not available yet: No Regular period found in dropdown containing date: 2026-04-21
[21:52:38] [INFO] Waiting 4 min then refreshing...
[21:56:41] [INFO] Attempt 7/10: selecting pay period
[21:56:58] [WARN] Pay period not available yet: No Regular period found in dropdown containing date: 2026-04-21
[21:56:58] [INFO] Waiting 4 min then refreshing...

================================================================================
Log saved: 2026-04-20 22:00:07
================================================================================