================================================================================
PHASE 2 PAYROLL RUN LOG
================================================================================
Run ID   : f74b147d
Username : molly.muller@lumberfi.com
Period   : 2026-04-20 to 2026-04-26
Started  : 2026-04-20 10:13:51

[10:13:51] [INFO] Download directory: /home/ubuntu/payroll_phase2/data-driven-files/timesheets/downloads/2026-04-20_15-43-48

================================================================================
STEP 8 — Authentication & Navigation
================================================================================
[10:14:12] [OK]   Authentication completed
[10:14:17] [OK]   Navigated to Payroll Overview: https://qa-admin.lumberfi.com/payroll/overview

================================================================================
STEP 8c — Pay Period Selection & Employee Verification
================================================================================
[10:14:17] [INFO] Attempt 1/10: selecting pay period
[10:14:27] [OK]   Pay period selected: 2026-04-20 to 2026-04-26
[10:14:29] [OK]   Employee found: Davis, Elizabeth
[10:14:34] [WARN] Employee not found on overview: Patel, Barbara
[10:14:34] [OK]   Employee found: Enola, Salmon
[10:14:34] [OK]   Employee found: Patel, Joseph
[10:14:34] [OK]   Employee found: Miller, Richard
[10:14:34] [OK]   Employee found: Muller, Molly
[10:14:34] [OK]   Employee found: Patel, Patricia
[10:14:34] [OK]   Employee found: Smith, David
[10:14:34] [OK]   Employee found: Smith, Karen
[10:14:35] [OK]   Employee found: Smith, Patricia
[10:14:35] [OK]   Employee found: Smith, Susan
[10:14:35] [OK]   Employee found: Thomas, Priya
[10:14:35] [OK]   Employee found: Gupta, Jessica
[10:14:35] [OK]   Employee found: Gupta, John
[10:14:35] [OK]   Employee found: Hernandez, Linda
[10:14:35] [OK]   Employee found: Jackson, Anjali
[10:14:35] [OK]   Employee found: Johnson, David
[10:14:35] [OK]   Employee found: Jones, Amit
[10:14:35] [OK]   Employee found: Kumar, Mary
[10:14:35] [OK]   Employee found: Mehta, Vikram
[10:14:35] [OK]   Employee found: Moore, Elizabeth
[10:14:35] [OK]   Employee found: Davis, Joseph
[10:14:35] [OK]   Employee found: Gonzalez, Rohit
[10:14:35] [INFO] Employee check complete: 22/23 found | Missing: Patel, Barbara
[10:14:35] [WARN] Proceeding with 1 unverified employee(s): ['Patel, Barbara']

================================================================================
STEP 9 — Payroll Preview & Submit
================================================================================
[10:14:45] [OK]   Clicked Preview button
[10:15:15] [OK]   Navigated to Payroll Preview page
[10:15:18] [OK]   Submitted payroll preview
[10:15:19] [OK]   Confirmed Submit Payroll in modal
[10:15:24] [OK]   Closed submission modal

================================================================================
STEP 10 — Report Downloads
================================================================================
[10:17:38] [OK]   Payroll Paycheck downloaded: payroll_paycheck_2026-04-20_to_2026-04-26.pdf
[10:17:40] [OK]   Cash Requirement downloaded: cash_requirement_2026-04-20_to_2026-04-26.pdf

================================================================================
Log saved: 2026-04-20 10:21:40
================================================================================