================================================================================
PHASE 2 PAYROLL RUN LOG
================================================================================
Run ID   : 1f2494dc
Username : neel.madi@lumberfi.com
Period   : 2026-04-21 to 2026-04-28
Started  : 2026-04-21 10:22:53

[10:22:53] [INFO] Download directory: /home/ubuntu/payroll_phase2/data-driven-files/timesheets/downloads/2026-04-21_15-52-50

================================================================================
STEP 8 — Authentication & Navigation
================================================================================
[10:23:13] [OK]   Authentication completed
[10:23:19] [OK]   Navigated to Payroll Overview: https://qa-admin.lumberfi.com/payroll/overview

================================================================================
STEP 8c — Pay Period Selection & Employee Verification
================================================================================
[10:23:19] [INFO] Attempt 1/10: selecting pay period
[10:23:28] [OK]   Pay period selected: 2026-04-21 to 2026-04-27
[10:23:30] [OK]   Employee found: Brown, Amit
[10:23:30] [OK]   Employee found: Davis, Amit
[10:23:30] [OK]   Employee found: Thomas, Amit
[10:23:30] [OK]   Employee found: Smith, Anjali
[10:23:30] [OK]   Employee found: Williams, Anjali
[10:23:30] [OK]   Employee found: Wilson, Anjali
[10:23:30] [OK]   Employee found: Gupta, Charles
[10:23:30] [OK]   Employee found: Hernandez, Charles
[10:23:30] [OK]   Employee found: Gonzalez, David
[10:23:30] [OK]   Employee found: Mehta, David
[10:23:30] [OK]   Employee found: Moore, James
[10:23:30] [OK]   Employee found: Sharma, James
[10:23:30] [OK]   Employee found: Williams, James
[10:23:30] [OK]   Employee found: Sharma, Jessica
[10:23:30] [OK]   Employee found: Singh, Jessica
[10:23:30] [OK]   Employee found: Gonzalez, John
[10:23:30] [OK]   Employee found: Miller, Joseph
[10:23:30] [OK]   Employee found: Davis, Karen
[10:23:30] [OK]   Employee found: Taylor, Karen
[10:23:30] [OK]   Employee found: Kumar, Lara
[10:23:30] [OK]   Employee found: Hernandez, Linda
[10:23:30] [OK]   Employee found: Kumar, Linda
[10:23:30] [OK]   Employee found: Hernandez, Mary
[10:23:30] [OK]   Employee found: Brown, Michael
[10:23:30] [OK]   Employee found: Madi, Neel
[10:23:30] [OK]   Employee found: Gupta, Patricia
[10:23:30] [OK]   Employee found: Patel, Patricia
[10:23:30] [OK]   Employee found: Wilson, Patricia
[10:23:30] [OK]   Employee found: Brown, Priya
[10:23:30] [OK]   Employee found: Davis, Priya
[10:23:30] [OK]   Employee found: Pasha, Raun
[10:23:30] [OK]   Employee found: Jackson, Richard
[10:23:30] [OK]   Employee found: Wilson, Richard
[10:23:30] [OK]   Employee found: Jones, Robert
[10:23:30] [OK]   Employee found: Lopez, Sarah
[10:23:30] [OK]   Employee found: Smith, Sarah
[10:23:30] [OK]   Employee found: nikar, sima
[10:23:30] [OK]   Employee found: Davis, Sneha
[10:23:30] [OK]   Employee found: Mehta, Sneha
[10:23:30] [OK]   Employee found: Patel, Susan
[10:23:30] [OK]   Employee found: Hernandez, Thomas
[10:23:30] [OK]   Employee found: Mehta, Thomas
[10:23:30] [OK]   Employee found: Rodriguez, Thomas
[10:23:30] [OK]   Employee found: Anderson, Vikram
[10:23:30] [OK]   Employee found: Jones, Vikram
[10:23:30] [OK]   Employee found: Patel, William
[10:23:30] [OK]   Employee found: Rodriguez, William
[10:23:30] [INFO] Employee check complete: 47/47 found
[10:23:30] [OK]   All employees verified on overview page

================================================================================
STEP 9 — Payroll Preview & Submit
================================================================================
[10:23:40] [OK]   Clicked Preview button
[10:24:10] [OK]   Navigated to Payroll Preview page

================================================================================
Log saved: 2026-04-21 10:24:43
================================================================================