================================================================================
PHASE 2 PAYROLL RUN LOG
================================================================================
Run ID   : f4749aed
Username : neel.madi@lumberfi.com
Period   : 2026-04-14 to 2026-04-20
Started  : 2026-04-17 11:23:38

[11:23:38] [INFO] Download directory: C:\Users\Dell\Desktop\payroll_phase2\data-driven-files\timesheets\downloads\2026-04-17_11-23-34

================================================================================
STEP 8 — Authentication & Navigation
================================================================================
[11:23:59] [OK]   Authentication completed
[11:24:14] [OK]   Navigated to Payroll Overview: https://qa-admin.lumberfi.com/payroll/overview

================================================================================
STEP 8c — Pay Period Selection & Employee Verification
================================================================================
[11:24:14] [INFO] Attempt 1/10: selecting pay period
[11:24:17] [OK]   Pay period selected: 2026-04-14 to 2026-04-20
[11:24:19] [OK]   Employee found: Brown, Amit
[11:24:19] [OK]   Employee found: Davis, Amit
[11:24:19] [OK]   Employee found: Thomas, Amit
[11:24:19] [OK]   Employee found: Smith, Anjali
[11:24:19] [OK]   Employee found: Williams, Anjali
[11:24:19] [OK]   Employee found: Wilson, Anjali
[11:24:19] [OK]   Employee found: Gupta, Charles
[11:24:19] [OK]   Employee found: Hernandez, Charles
[11:24:19] [OK]   Employee found: Gonzalez, David
[11:24:19] [OK]   Employee found: Mehta, David
[11:24:19] [OK]   Employee found: Moore, James
[11:24:19] [OK]   Employee found: Sharma, James
[11:24:19] [OK]   Employee found: Williams, James
[11:24:19] [OK]   Employee found: Sharma, Jessica
[11:24:19] [OK]   Employee found: Singh, Jessica
[11:24:19] [OK]   Employee found: Gonzalez, John
[11:24:19] [OK]   Employee found: Miller, Joseph
[11:24:19] [OK]   Employee found: Davis, Karen
[11:24:19] [OK]   Employee found: Taylor, Karen
[11:24:19] [OK]   Employee found: Kumar, Lara
[11:24:19] [OK]   Employee found: Hernandez, Linda
[11:24:19] [OK]   Employee found: Kumar, Linda
[11:24:19] [OK]   Employee found: Hernandez, Mary
[11:24:24] [WARN] Employee not found on overview: Brown, Michael
[11:24:24] [OK]   Employee found: Madi, Neel
[11:24:24] [OK]   Employee found: Gupta, Patricia
[11:24:24] [OK]   Employee found: Patel, Patricia
[11:24:29] [WARN] Employee not found on overview: Wilson, Patricia
[11:24:29] [OK]   Employee found: Brown, Priya
[11:24:29] [OK]   Employee found: Davis, Priya
[11:24:29] [OK]   Employee found: Pasha, Raun
[11:24:29] [OK]   Employee found: Jackson, Richard
[11:24:29] [OK]   Employee found: Wilson, Richard
[11:24:29] [OK]   Employee found: Jones, Robert
[11:24:29] [OK]   Employee found: Lopez, Sarah
[11:24:29] [OK]   Employee found: Smith, Sarah
[11:24:29] [OK]   Employee found: nikar, sima
[11:24:29] [OK]   Employee found: Davis, Sneha
[11:24:29] [OK]   Employee found: Mehta, Sneha
[11:24:29] [OK]   Employee found: Patel, Susan
[11:24:29] [OK]   Employee found: Hernandez, Thomas
[11:24:29] [OK]   Employee found: Mehta, Thomas
[11:24:29] [OK]   Employee found: Rodriguez, Thomas
[11:24:29] [OK]   Employee found: Anderson, Vikram
[11:24:29] [OK]   Employee found: Jones, Vikram
[11:24:29] [OK]   Employee found: Patel, William
[11:24:29] [OK]   Employee found: Rodriguez, William
[11:24:29] [INFO] Employee check complete: 45/47 found | Missing: Brown, Michael, Wilson, Patricia
[11:24:29] [WARN] Proceeding with 2 unverified employee(s): ['Brown, Michael', 'Wilson, Patricia']

================================================================================
STEP 9 — Payroll Preview & Submit
================================================================================
[11:24:40] [OK]   Clicked Preview button
[11:25:10] [OK]   Navigated to Payroll Preview page
[11:25:32] [OK]   Submitted payroll preview
[11:25:32] [OK]   Confirmed Submit Payroll in modal

================================================================================
Log saved: 2026-04-17 11:25:38
================================================================================